#
# There is insufficient memory for the Java Runtime Environment to continue.
# Native memory allocation (malloc) failed to allocate 1131840 bytes for Chunk::new
# Possible reasons:
#   The system is out of physical RAM or swap space
#   The process is running with CompressedOops enabled, and the Java Heap may be blocking the growth of the native heap
# Possible solutions:
#   Reduce memory load on the system
#   Increase physical memory or swap space
#   Check if swap backing store is full
#   Decrease Java heap size (-Xmx/-Xms)
#   Decrease number of Java threads
#   Decrease Java thread stack sizes (-Xss)
#   Set larger code cache with -XX:ReservedCodeCacheSize=
#   JVM is running with Zero Based Compressed Oops mode in which the Java heap is
#     placed in the first 32GB address space. The Java Heap base address is the
#     maximum limit for the native heap growth. Please use -XX:HeapBaseMinAddress
#     to set the Java Heap base and to place the Java Heap above 32GB virtual address.
# This output file may be truncated or incomplete.
#
#  Out of Memory Error (./open/src/hotspot/share/memory/arena.cpp:195), pid=19488, tid=21296
#
# JRE version: Java(TM) SE Runtime Environment (15.0+36) (build 15+36-1562)
# Java VM: Java HotSpot(TM) 64-Bit Server VM (15+36-1562, mixed mode, sharing, tiered, compressed oops, g1 gc, windows-amd64)
# No core dump will be written. Minidumps are not enabled by default on client versions of Windows
#

---------------  S U M M A R Y ------------

Command Line: -Dclassworlds.conf=C:\Users\User\.m2\wrapper\dists\apache-maven-3.8.4-bin\52ccbt68d252mdldqsfsn03jlf\apache-maven-3.8.4\bin\m2.conf -Dmaven.home=C:\Users\User\.m2\wrapper\dists\apache-maven-3.8.4-bin\52ccbt68d252mdldqsfsn03jlf\apache-maven-3.8.4 -Dlibrary.jansi.path=C:\Users\User\.m2\wrapper\dists\apache-maven-3.8.4-bin\52ccbt68d252mdldqsfsn03jlf\apache-maven-3.8.4\lib\jansi-native -Dmaven.multiModuleProjectDirectory=D:\AN 4\Sem1\DS\Deploy\spring-demo org.codehaus.plexus.classworlds.launcher.Launcher package

Host: Intel(R) Core(TM) i7-6600U CPU @ 2.60GHz, 4 cores, 15G,  Windows 10 , 64 bit Build 19041 (10.0.19041.2364)
Time: Sun Jan  8 15:05:34 2023 GTB Standard Time elapsed time: 2.449773 seconds (0d 0h 0m 2s)

---------------  T H R E A D  ---------------

Current thread (0x000001e8e76c8e90):  JavaThread "C2 CompilerThread1" daemon [_thread_in_native, id=21296, stack(0x0000007fb2c00000,0x0000007fb2d00000)]


Current CompileTask:
C2:   2449 1821   !   4       java.net.URL::<init> (543 bytes)

Stack: [0x0000007fb2c00000,0x0000007fb2d00000]
Native frames: (J=compiled Java code, j=interpreted, Vv=VM code, C=native code)
V  [jvm.dll+0x629eaa]
V  [jvm.dll+0x780379]
V  [jvm.dll+0x781ad3]
V  [jvm.dll+0x782133]
V  [jvm.dll+0x2159d5]
V  [jvm.dll+0x9794a]
V  [jvm.dll+0x9802c]
V  [jvm.dll+0x32dc35]
V  [jvm.dll+0x18dd31]
V  [jvm.dll+0x1e9ef2]
V  [jvm.dll+0x1e903e]
V  [jvm.dll+0x177f17]
V  [jvm.dll+0x1f88f5]
V  [jvm.dll+0x1f699c]
V  [jvm.dll+0x74384d]
V  [jvm.dll+0x73c64a]
V  [jvm.dll+0x628d16]
C  [ucrtbase.dll+0x21bb2]
C  [KERNEL32.DLL+0x17614]
C  [ntdll.dll+0x526a1]


---------------  P R O C E S S  ---------------

Threads class SMR info:
_java_thread_list=0x000001e8e76ee5d0, length=12, elements={
0x000001e8c39857f0, 0x000001e8e634bfa0, 0x000001e8e634ca70, 0x000001e8e63696b0,
0x000001e8e636bf80, 0x000001e8e636d940, 0x000001e8e636e6d0, 0x000001e8e6c73720,
0x000001e8e6c7c120, 0x000001e8e6da2af0, 0x000001e8e6dc4440, 0x000001e8e76c8e90
}

Java Threads: ( => current thread )
  0x000001e8c39857f0 JavaThread "main" [_thread_in_vm, id=4872, stack(0x0000007fb1700000,0x0000007fb1800000)]
  0x000001e8e634bfa0 JavaThread "Reference Handler" daemon [_thread_blocked, id=17900, stack(0x0000007fb1e00000,0x0000007fb1f00000)]
  0x000001e8e634ca70 JavaThread "Finalizer" daemon [_thread_blocked, id=16144, stack(0x0000007fb1f00000,0x0000007fb2000000)]
  0x000001e8e63696b0 JavaThread "Signal Dispatcher" daemon [_thread_blocked, id=9588, stack(0x0000007fb2000000,0x0000007fb2100000)]
  0x000001e8e636bf80 JavaThread "Attach Listener" daemon [_thread_blocked, id=12348, stack(0x0000007fb2100000,0x0000007fb2200000)]
  0x000001e8e636d940 JavaThread "Service Thread" daemon [_thread_blocked, id=4700, stack(0x0000007fb2200000,0x0000007fb2300000)]
  0x000001e8e636e6d0 JavaThread "C2 CompilerThread0" daemon [_thread_in_native, id=4284, stack(0x0000007fb2300000,0x0000007fb2400000)]
  0x000001e8e6c73720 JavaThread "C1 CompilerThread0" daemon [_thread_blocked, id=3116, stack(0x0000007fb2400000,0x0000007fb2500000)]
  0x000001e8e6c7c120 JavaThread "Sweeper thread" daemon [_thread_blocked, id=11604, stack(0x0000007fb2500000,0x0000007fb2600000)]
  0x000001e8e6da2af0 JavaThread "Notification Thread" daemon [_thread_blocked, id=22832, stack(0x0000007fb2600000,0x0000007fb2700000)]
  0x000001e8e6dc4440 JavaThread "Common-Cleaner" daemon [_thread_blocked, id=7024, stack(0x0000007fb2800000,0x0000007fb2900000)]
=>0x000001e8e76c8e90 JavaThread "C2 CompilerThread1" daemon [_thread_in_native, id=21296, stack(0x0000007fb2c00000,0x0000007fb2d00000)]

Other Threads:
  0x000001e8e6348810 VMThread "VM Thread" [stack: 0x0000007fb1d00000,0x0000007fb1e00000] [id=8536]
  0x000001e8e6da2fc0 WatcherThread [stack: 0x0000007fb2700000,0x0000007fb2800000] [id=8132]
  0x000001e8c39d5900 GCTaskThread "GC Thread#0" [stack: 0x0000007fb1800000,0x0000007fb1900000] [id=10348]
  0x000001e8e711a720 GCTaskThread "GC Thread#1" [stack: 0x0000007fb2900000,0x0000007fb2a00000] [id=10256]
  0x000001e8e711aa50 GCTaskThread "GC Thread#2" [stack: 0x0000007fb2a00000,0x0000007fb2b00000] [id=1448]
  0x000001e8e711ad80 GCTaskThread "GC Thread#3" [stack: 0x0000007fb2b00000,0x0000007fb2c00000] [id=16708]
  0x000001e8c39e81f0 ConcurrentGCThread "G1 Main Marker" [stack: 0x0000007fb1900000,0x0000007fb1a00000] [id=16912]
  0x000001e8c39e9580 ConcurrentGCThread "G1 Conc#0" [stack: 0x0000007fb1a00000,0x0000007fb1b00000] [id=21992]
  0x000001e8c3a4b820 ConcurrentGCThread "G1 Refine#0" [stack: 0x0000007fb1b00000,0x0000007fb1c00000] [id=20152]
  0x000001e8e61d2570 ConcurrentGCThread "G1 Young RemSet Sampling" [stack: 0x0000007fb1c00000,0x0000007fb1d00000] [id=19800]

Threads with active compile tasks:
C2 CompilerThread0     2506 2096       4       org.codehaus.plexus.util.xml.pull.MXParser::parseStartTag (1195 bytes)
C2 CompilerThread1     2506 1821   !   4       java.net.URL::<init> (543 bytes)

VM state: not at safepoint (normal execution)

VM Mutex/Monitor currently owned by a thread: None

Heap address: 0x0000000709800000, size: 3944 MB, Compressed Oops mode: Zero based, Oop shift amount: 3
CDS archive(s) mapped at: [0x0000000800000000-0x0000000800b50000-0x0000000800b50000), size 11862016, SharedBaseAddress: 0x0000000800000000, ArchiveRelocationMode: 0.
Compressed class space mapped at: 0x0000000800b50000-0x0000000840b50000, size: 1073741824
Narrow klass base: 0x0000000800000000, Narrow klass shift: 3, Narrow klass range: 0x100000000

GC Precious Log:
 CPUs: 4 total, 4 available
 Memory: 15768M
 Large Page Support: Disabled
 NUMA Support: Disabled
 Compressed Oops: Enabled (Zero based)
 Heap Region Size: 2M
 Heap Min Capacity: 8M
 Heap Initial Capacity: 248M
 Heap Max Capacity: 3944M
 Pre-touch: Disabled
 Parallel Workers: 4
 Concurrent Workers: 1
 Concurrent Refinement Workers: 4
 Periodic GC: Disabled

Heap:
 garbage-first heap   total 253952K, used 21104K [0x0000000709800000, 0x0000000800000000)
  region size 2048K, 10 young (20480K), 1 survivors (2048K)
 Metaspace       used 11925K, capacity 13725K, committed 13952K, reserved 1060864K
  class space    used 1398K, capacity 1619K, committed 1664K, reserved 1048576K

Heap Regions: E=young(eden), S=young(survivor), O=old, HS=humongous(starts), HC=humongous(continues), CS=collection set, F=free, OA=open archive, CA=closed archive, TAMS=top-at-mark-start (previous, next)
|   0|0x0000000709800000, 0x0000000709a00000, 0x0000000709a00000|100%| O|  |TAMS 0x0000000709800000, 0x0000000709800000| Untracked 
|   1|0x0000000709a00000, 0x0000000709b02000, 0x0000000709c00000| 50%| O|  |TAMS 0x0000000709a00000, 0x0000000709a00000| Untracked 
|   2|0x0000000709c00000, 0x0000000709c00000, 0x0000000709e00000|  0%| F|  |TAMS 0x0000000709c00000, 0x0000000709c00000| Untracked 
|   3|0x0000000709e00000, 0x0000000709e00000, 0x000000070a000000|  0%| F|  |TAMS 0x0000000709e00000, 0x0000000709e00000| Untracked 
|   4|0x000000070a000000, 0x000000070a000000, 0x000000070a200000|  0%| F|  |TAMS 0x000000070a000000, 0x000000070a000000| Untracked 
|   5|0x000000070a200000, 0x000000070a200000, 0x000000070a400000|  0%| F|  |TAMS 0x000000070a200000, 0x000000070a200000| Untracked 
|   6|0x000000070a400000, 0x000000070a400000, 0x000000070a600000|  0%| F|  |TAMS 0x000000070a400000, 0x000000070a400000| Untracked 
|   7|0x000000070a600000, 0x000000070a600000, 0x000000070a800000|  0%| F|  |TAMS 0x000000070a600000, 0x000000070a600000| Untracked 
|   8|0x000000070a800000, 0x000000070a800000, 0x000000070aa00000|  0%| F|  |TAMS 0x000000070a800000, 0x000000070a800000| Untracked 
|   9|0x000000070aa00000, 0x000000070aa00000, 0x000000070ac00000|  0%| F|  |TAMS 0x000000070aa00000, 0x000000070aa00000| Untracked 
|  10|0x000000070ac00000, 0x000000070ac00000, 0x000000070ae00000|  0%| F|  |TAMS 0x000000070ac00000, 0x000000070ac00000| Untracked 
|  11|0x000000070ae00000, 0x000000070ae00000, 0x000000070b000000|  0%| F|  |TAMS 0x000000070ae00000, 0x000000070ae00000| Untracked 
|  12|0x000000070b000000, 0x000000070b000000, 0x000000070b200000|  0%| F|  |TAMS 0x000000070b000000, 0x000000070b000000| Untracked 
|  13|0x000000070b200000, 0x000000070b200000, 0x000000070b400000|  0%| F|  |TAMS 0x000000070b200000, 0x000000070b200000| Untracked 
|  14|0x000000070b400000, 0x000000070b400000, 0x000000070b600000|  0%| F|  |TAMS 0x000000070b400000, 0x000000070b400000| Untracked 
|  15|0x000000070b600000, 0x000000070b600000, 0x000000070b800000|  0%| F|  |TAMS 0x000000070b600000, 0x000000070b600000| Untracked 
|  16|0x000000070b800000, 0x000000070b800000, 0x000000070ba00000|  0%| F|  |TAMS 0x000000070b800000, 0x000000070b800000| Untracked 
|  17|0x000000070ba00000, 0x000000070ba00000, 0x000000070bc00000|  0%| F|  |TAMS 0x000000070ba00000, 0x000000070ba00000| Untracked 
|  18|0x000000070bc00000, 0x000000070bc00000, 0x000000070be00000|  0%| F|  |TAMS 0x000000070bc00000, 0x000000070bc00000| Untracked 
|  19|0x000000070be00000, 0x000000070be00000, 0x000000070c000000|  0%| F|  |TAMS 0x000000070be00000, 0x000000070be00000| Untracked 
|  20|0x000000070c000000, 0x000000070c000000, 0x000000070c200000|  0%| F|  |TAMS 0x000000070c000000, 0x000000070c000000| Untracked 
|  21|0x000000070c200000, 0x000000070c200000, 0x000000070c400000|  0%| F|  |TAMS 0x000000070c200000, 0x000000070c200000| Untracked 
|  22|0x000000070c400000, 0x000000070c400000, 0x000000070c600000|  0%| F|  |TAMS 0x000000070c400000, 0x000000070c400000| Untracked 
|  23|0x000000070c600000, 0x000000070c600000, 0x000000070c800000|  0%| F|  |TAMS 0x000000070c600000, 0x000000070c600000| Untracked 
|  24|0x000000070c800000, 0x000000070c800000, 0x000000070ca00000|  0%| F|  |TAMS 0x000000070c800000, 0x000000070c800000| Untracked 
|  25|0x000000070ca00000, 0x000000070ca00000, 0x000000070cc00000|  0%| F|  |TAMS 0x000000070ca00000, 0x000000070ca00000| Untracked 
|  26|0x000000070cc00000, 0x000000070cc00000, 0x000000070ce00000|  0%| F|  |TAMS 0x000000070cc00000, 0x000000070cc00000| Untracked 
|  27|0x000000070ce00000, 0x000000070ce00000, 0x000000070d000000|  0%| F|  |TAMS 0x000000070ce00000, 0x000000070ce00000| Untracked 
|  28|0x000000070d000000, 0x000000070d000000, 0x000000070d200000|  0%| F|  |TAMS 0x000000070d000000, 0x000000070d000000| Untracked 
|  29|0x000000070d200000, 0x000000070d200000, 0x000000070d400000|  0%| F|  |TAMS 0x000000070d200000, 0x000000070d200000| Untracked 
|  30|0x000000070d400000, 0x000000070d400000, 0x000000070d600000|  0%| F|  |TAMS 0x000000070d400000, 0x000000070d400000| Untracked 
|  31|0x000000070d600000, 0x000000070d600000, 0x000000070d800000|  0%| F|  |TAMS 0x000000070d600000, 0x000000070d600000| Untracked 
|  32|0x000000070d800000, 0x000000070d800000, 0x000000070da00000|  0%| F|  |TAMS 0x000000070d800000, 0x000000070d800000| Untracked 
|  33|0x000000070da00000, 0x000000070da00000, 0x000000070dc00000|  0%| F|  |TAMS 0x000000070da00000, 0x000000070da00000| Untracked 
|  34|0x000000070dc00000, 0x000000070dc00000, 0x000000070de00000|  0%| F|  |TAMS 0x000000070dc00000, 0x000000070dc00000| Untracked 
|  35|0x000000070de00000, 0x000000070de00000, 0x000000070e000000|  0%| F|  |TAMS 0x000000070de00000, 0x000000070de00000| Untracked 
|  36|0x000000070e000000, 0x000000070e000000, 0x000000070e200000|  0%| F|  |TAMS 0x000000070e000000, 0x000000070e000000| Untracked 
|  37|0x000000070e200000, 0x000000070e200000, 0x000000070e400000|  0%| F|  |TAMS 0x000000070e200000, 0x000000070e200000| Untracked 
|  38|0x000000070e400000, 0x000000070e400000, 0x000000070e600000|  0%| F|  |TAMS 0x000000070e400000, 0x000000070e400000| Untracked 
|  39|0x000000070e600000, 0x000000070e600000, 0x000000070e800000|  0%| F|  |TAMS 0x000000070e600000, 0x000000070e600000| Untracked 
|  40|0x000000070e800000, 0x000000070e800000, 0x000000070ea00000|  0%| F|  |TAMS 0x000000070e800000, 0x000000070e800000| Untracked 
|  41|0x000000070ea00000, 0x000000070ea00000, 0x000000070ec00000|  0%| F|  |TAMS 0x000000070ea00000, 0x000000070ea00000| Untracked 
|  42|0x000000070ec00000, 0x000000070ec00000, 0x000000070ee00000|  0%| F|  |TAMS 0x000000070ec00000, 0x000000070ec00000| Untracked 
|  43|0x000000070ee00000, 0x000000070ee00000, 0x000000070f000000|  0%| F|  |TAMS 0x000000070ee00000, 0x000000070ee00000| Untracked 
|  44|0x000000070f000000, 0x000000070f000000, 0x000000070f200000|  0%| F|  |TAMS 0x000000070f000000, 0x000000070f000000| Untracked 
|  45|0x000000070f200000, 0x000000070f200000, 0x000000070f400000|  0%| F|  |TAMS 0x000000070f200000, 0x000000070f200000| Untracked 
|  46|0x000000070f400000, 0x000000070f400000, 0x000000070f600000|  0%| F|  |TAMS 0x000000070f400000, 0x000000070f400000| Untracked 
|  47|0x000000070f600000, 0x000000070f600000, 0x000000070f800000|  0%| F|  |TAMS 0x000000070f600000, 0x000000070f600000| Untracked 
|  48|0x000000070f800000, 0x000000070f800000, 0x000000070fa00000|  0%| F|  |TAMS 0x000000070f800000, 0x000000070f800000| Untracked 
|  49|0x000000070fa00000, 0x000000070fa00000, 0x000000070fc00000|  0%| F|  |TAMS 0x000000070fa00000, 0x000000070fa00000| Untracked 
|  50|0x000000070fc00000, 0x000000070fc00000, 0x000000070fe00000|  0%| F|  |TAMS 0x000000070fc00000, 0x000000070fc00000| Untracked 
|  51|0x000000070fe00000, 0x000000070fe00000, 0x0000000710000000|  0%| F|  |TAMS 0x000000070fe00000, 0x000000070fe00000| Untracked 
|  52|0x0000000710000000, 0x0000000710000000, 0x0000000710200000|  0%| F|  |TAMS 0x0000000710000000, 0x0000000710000000| Untracked 
|  53|0x0000000710200000, 0x0000000710200000, 0x0000000710400000|  0%| F|  |TAMS 0x0000000710200000, 0x0000000710200000| Untracked 
|  54|0x0000000710400000, 0x0000000710400000, 0x0000000710600000|  0%| F|  |TAMS 0x0000000710400000, 0x0000000710400000| Untracked 
|  55|0x0000000710600000, 0x0000000710600000, 0x0000000710800000|  0%| F|  |TAMS 0x0000000710600000, 0x0000000710600000| Untracked 
|  56|0x0000000710800000, 0x0000000710800000, 0x0000000710a00000|  0%| F|  |TAMS 0x0000000710800000, 0x0000000710800000| Untracked 
|  57|0x0000000710a00000, 0x0000000710a00000, 0x0000000710c00000|  0%| F|  |TAMS 0x0000000710a00000, 0x0000000710a00000| Untracked 
|  58|0x0000000710c00000, 0x0000000710c00000, 0x0000000710e00000|  0%| F|  |TAMS 0x0000000710c00000, 0x0000000710c00000| Untracked 
|  59|0x0000000710e00000, 0x0000000710e00000, 0x0000000711000000|  0%| F|  |TAMS 0x0000000710e00000, 0x0000000710e00000| Untracked 
|  60|0x0000000711000000, 0x0000000711000000, 0x0000000711200000|  0%| F|  |TAMS 0x0000000711000000, 0x0000000711000000| Untracked 
|  61|0x0000000711200000, 0x0000000711200000, 0x0000000711400000|  0%| F|  |TAMS 0x0000000711200000, 0x0000000711200000| Untracked 
|  62|0x0000000711400000, 0x0000000711400000, 0x0000000711600000|  0%| F|  |TAMS 0x0000000711400000, 0x0000000711400000| Untracked 
|  63|0x0000000711600000, 0x0000000711600000, 0x0000000711800000|  0%| F|  |TAMS 0x0000000711600000, 0x0000000711600000| Untracked 
|  64|0x0000000711800000, 0x0000000711800000, 0x0000000711a00000|  0%| F|  |TAMS 0x0000000711800000, 0x0000000711800000| Untracked 
|  65|0x0000000711a00000, 0x0000000711a00000, 0x0000000711c00000|  0%| F|  |TAMS 0x0000000711a00000, 0x0000000711a00000| Untracked 
|  66|0x0000000711c00000, 0x0000000711c00000, 0x0000000711e00000|  0%| F|  |TAMS 0x0000000711c00000, 0x0000000711c00000| Untracked 
|  67|0x0000000711e00000, 0x0000000711e00000, 0x0000000712000000|  0%| F|  |TAMS 0x0000000711e00000, 0x0000000711e00000| Untracked 
|  68|0x0000000712000000, 0x0000000712000000, 0x0000000712200000|  0%| F|  |TAMS 0x0000000712000000, 0x0000000712000000| Untracked 
|  69|0x0000000712200000, 0x0000000712200000, 0x0000000712400000|  0%| F|  |TAMS 0x0000000712200000, 0x0000000712200000| Untracked 
|  70|0x0000000712400000, 0x0000000712400000, 0x0000000712600000|  0%| F|  |TAMS 0x0000000712400000, 0x0000000712400000| Untracked 
|  71|0x0000000712600000, 0x0000000712600000, 0x0000000712800000|  0%| F|  |TAMS 0x0000000712600000, 0x0000000712600000| Untracked 
|  72|0x0000000712800000, 0x0000000712800000, 0x0000000712a00000|  0%| F|  |TAMS 0x0000000712800000, 0x0000000712800000| Untracked 
|  73|0x0000000712a00000, 0x0000000712a00000, 0x0000000712c00000|  0%| F|  |TAMS 0x0000000712a00000, 0x0000000712a00000| Untracked 
|  74|0x0000000712c00000, 0x0000000712c00000, 0x0000000712e00000|  0%| F|  |TAMS 0x0000000712c00000, 0x0000000712c00000| Untracked 
|  75|0x0000000712e00000, 0x0000000712e00000, 0x0000000713000000|  0%| F|  |TAMS 0x0000000712e00000, 0x0000000712e00000| Untracked 
|  76|0x0000000713000000, 0x0000000713000000, 0x0000000713200000|  0%| F|  |TAMS 0x0000000713000000, 0x0000000713000000| Untracked 
|  77|0x0000000713200000, 0x0000000713200000, 0x0000000713400000|  0%| F|  |TAMS 0x0000000713200000, 0x0000000713200000| Untracked 
|  78|0x0000000713400000, 0x0000000713400000, 0x0000000713600000|  0%| F|  |TAMS 0x0000000713400000, 0x0000000713400000| Untracked 
|  79|0x0000000713600000, 0x0000000713600000, 0x0000000713800000|  0%| F|  |TAMS 0x0000000713600000, 0x0000000713600000| Untracked 
|  80|0x0000000713800000, 0x0000000713800000, 0x0000000713a00000|  0%| F|  |TAMS 0x0000000713800000, 0x0000000713800000| Untracked 
|  81|0x0000000713a00000, 0x0000000713a00000, 0x0000000713c00000|  0%| F|  |TAMS 0x0000000713a00000, 0x0000000713a00000| Untracked 
|  82|0x0000000713c00000, 0x0000000713c00000, 0x0000000713e00000|  0%| F|  |TAMS 0x0000000713c00000, 0x0000000713c00000| Untracked 
|  83|0x0000000713e00000, 0x0000000713e00000, 0x0000000714000000|  0%| F|  |TAMS 0x0000000713e00000, 0x0000000713e00000| Untracked 
|  84|0x0000000714000000, 0x0000000714000000, 0x0000000714200000|  0%| F|  |TAMS 0x0000000714000000, 0x0000000714000000| Untracked 
|  85|0x0000000714200000, 0x0000000714200000, 0x0000000714400000|  0%| F|  |TAMS 0x0000000714200000, 0x0000000714200000| Untracked 
|  86|0x0000000714400000, 0x0000000714400000, 0x0000000714600000|  0%| F|  |TAMS 0x0000000714400000, 0x0000000714400000| Untracked 
|  87|0x0000000714600000, 0x0000000714600000, 0x0000000714800000|  0%| F|  |TAMS 0x0000000714600000, 0x0000000714600000| Untracked 
|  88|0x0000000714800000, 0x0000000714800000, 0x0000000714a00000|  0%| F|  |TAMS 0x0000000714800000, 0x0000000714800000| Untracked 
|  89|0x0000000714a00000, 0x0000000714a00000, 0x0000000714c00000|  0%| F|  |TAMS 0x0000000714a00000, 0x0000000714a00000| Untracked 
|  90|0x0000000714c00000, 0x0000000714c00000, 0x0000000714e00000|  0%| F|  |TAMS 0x0000000714c00000, 0x0000000714c00000| Untracked 
|  91|0x0000000714e00000, 0x0000000714e00000, 0x0000000715000000|  0%| F|  |TAMS 0x0000000714e00000, 0x0000000714e00000| Untracked 
|  92|0x0000000715000000, 0x0000000715000000, 0x0000000715200000|  0%| F|  |TAMS 0x0000000715000000, 0x0000000715000000| Untracked 
|  93|0x0000000715200000, 0x0000000715200000, 0x0000000715400000|  0%| F|  |TAMS 0x0000000715200000, 0x0000000715200000| Untracked 
|  94|0x0000000715400000, 0x0000000715400000, 0x0000000715600000|  0%| F|  |TAMS 0x0000000715400000, 0x0000000715400000| Untracked 
|  95|0x0000000715600000, 0x0000000715600000, 0x0000000715800000|  0%| F|  |TAMS 0x0000000715600000, 0x0000000715600000| Untracked 
|  96|0x0000000715800000, 0x0000000715800000, 0x0000000715a00000|  0%| F|  |TAMS 0x0000000715800000, 0x0000000715800000| Untracked 
|  97|0x0000000715a00000, 0x0000000715a00000, 0x0000000715c00000|  0%| F|  |TAMS 0x0000000715a00000, 0x0000000715a00000| Untracked 
|  98|0x0000000715c00000, 0x0000000715c00000, 0x0000000715e00000|  0%| F|  |TAMS 0x0000000715c00000, 0x0000000715c00000| Untracked 
|  99|0x0000000715e00000, 0x0000000715e00000, 0x0000000716000000|  0%| F|  |TAMS 0x0000000715e00000, 0x0000000715e00000| Untracked 
| 100|0x0000000716000000, 0x0000000716000000, 0x0000000716200000|  0%| F|  |TAMS 0x0000000716000000, 0x0000000716000000| Untracked 
| 101|0x0000000716200000, 0x0000000716200000, 0x0000000716400000|  0%| F|  |TAMS 0x0000000716200000, 0x0000000716200000| Untracked 
| 102|0x0000000716400000, 0x0000000716400000, 0x0000000716600000|  0%| F|  |TAMS 0x0000000716400000, 0x0000000716400000| Untracked 
| 103|0x0000000716600000, 0x0000000716600000, 0x0000000716800000|  0%| F|  |TAMS 0x0000000716600000, 0x0000000716600000| Untracked 
| 104|0x0000000716800000, 0x0000000716800000, 0x0000000716a00000|  0%| F|  |TAMS 0x0000000716800000, 0x0000000716800000| Untracked 
| 105|0x0000000716a00000, 0x0000000716a00000, 0x0000000716c00000|  0%| F|  |TAMS 0x0000000716a00000, 0x0000000716a00000| Untracked 
| 106|0x0000000716c00000, 0x0000000716c00000, 0x0000000716e00000|  0%| F|  |TAMS 0x0000000716c00000, 0x0000000716c00000| Untracked 
| 107|0x0000000716e00000, 0x0000000716e00000, 0x0000000717000000|  0%| F|  |TAMS 0x0000000716e00000, 0x0000000716e00000| Untracked 
| 108|0x0000000717000000, 0x0000000717000000, 0x0000000717200000|  0%| F|  |TAMS 0x0000000717000000, 0x0000000717000000| Untracked 
| 109|0x0000000717200000, 0x0000000717200000, 0x0000000717400000|  0%| F|  |TAMS 0x0000000717200000, 0x0000000717200000| Untracked 
| 110|0x0000000717400000, 0x000000071759a2b8, 0x0000000717600000| 80%| S|CS|TAMS 0x0000000717400000, 0x0000000717400000| Complete 
| 111|0x0000000717600000, 0x0000000717600000, 0x0000000717800000|  0%| F|  |TAMS 0x0000000717600000, 0x0000000717600000| Untracked 
| 112|0x0000000717800000, 0x0000000717800000, 0x0000000717a00000|  0%| F|  |TAMS 0x0000000717800000, 0x0000000717800000| Untracked 
| 113|0x0000000717a00000, 0x0000000717a00000, 0x0000000717c00000|  0%| F|  |TAMS 0x0000000717a00000, 0x0000000717a00000| Untracked 
| 114|0x0000000717c00000, 0x0000000717c00000, 0x0000000717e00000|  0%| F|  |TAMS 0x0000000717c00000, 0x0000000717c00000| Untracked 
| 115|0x0000000717e00000, 0x0000000717f00800, 0x0000000718000000| 50%| E|  |TAMS 0x0000000717e00000, 0x0000000717e00000| Complete 
| 116|0x0000000718000000, 0x0000000718200000, 0x0000000718200000|100%| E|CS|TAMS 0x0000000718000000, 0x0000000718000000| Complete 
| 117|0x0000000718200000, 0x0000000718400000, 0x0000000718400000|100%| E|CS|TAMS 0x0000000718200000, 0x0000000718200000| Complete 
| 118|0x0000000718400000, 0x0000000718600000, 0x0000000718600000|100%| E|CS|TAMS 0x0000000718400000, 0x0000000718400000| Complete 
| 119|0x0000000718600000, 0x0000000718800000, 0x0000000718800000|100%| E|CS|TAMS 0x0000000718600000, 0x0000000718600000| Complete 
| 120|0x0000000718800000, 0x0000000718a00000, 0x0000000718a00000|100%| E|CS|TAMS 0x0000000718800000, 0x0000000718800000| Complete 
| 121|0x0000000718a00000, 0x0000000718c00000, 0x0000000718c00000|100%| E|CS|TAMS 0x0000000718a00000, 0x0000000718a00000| Complete 
| 122|0x0000000718c00000, 0x0000000718e00000, 0x0000000718e00000|100%| E|CS|TAMS 0x0000000718c00000, 0x0000000718c00000| Complete 
| 123|0x0000000718e00000, 0x0000000719000000, 0x0000000719000000|100%| E|CS|TAMS 0x0000000718e00000, 0x0000000718e00000| Complete 

Card table byte_map: [0x000001e8db380000,0x000001e8dbb40000] _byte_map_base: 0x000001e8d7b34000

Marking Bits (Prev, Next): (CMBitMap*) 0x000001e8c39d6170, (CMBitMap*) 0x000001e8c39d61b0
 Prev Bits: [0x000001e8dc300000, 0x000001e8e00a0000)
 Next Bits: [0x000001e8e00a0000, 0x000001e8e3e40000)

Polling page: 0x000001e8c18c0000

Metaspace:

Usage:
  Non-class:     11.88 MB capacity,    10.29 MB ( 87%) used,     1.58 MB ( 13%) free+waste,    11.56 KB ( <1%) overhead. 
      Class:      1.58 MB capacity,     1.37 MB ( 86%) used,   214.83 KB ( 13%) free+waste,     4.75 KB ( <1%) overhead. 
       Both:     13.47 MB capacity,    11.66 MB ( 87%) used,     1.79 MB ( 13%) free+waste,    16.31 KB ( <1%) overhead. 

Virtual space:
  Non-class space:       12.00 MB reserved,      12.00 MB (100%) committed 
      Class space:        1.00 GB reserved,       1.62 MB ( <1%) committed 
             Both:        1.01 GB reserved,      13.62 MB (  1%) committed 

Chunk freelists:
   Non-Class:  54.00 KB
       Class:  13.00 KB
        Both:  67.00 KB

MaxMetaspaceSize: 17179869184.00 GB
CompressedClassSpaceSize: 1.00 GB

CodeHeap 'non-profiled nmethods': size=120000Kb used=727Kb max_used=727Kb free=119273Kb
 bounds [0x000001e8d3690000, 0x000001e8d3900000, 0x000001e8dabc0000]
CodeHeap 'profiled nmethods': size=120000Kb used=3905Kb max_used=3905Kb free=116094Kb
 bounds [0x000001e8cc160000, 0x000001e8cc540000, 0x000001e8d3690000]
CodeHeap 'non-nmethods': size=5760Kb used=1182Kb max_used=1211Kb free=4577Kb
 bounds [0x000001e8cbbc0000, 0x000001e8cbe30000, 0x000001e8cc160000]
 total_blobs=2532 nmethods=2095 adapters=349
 compilation: enabled
              stopped_count=0, restarted_count=0
 full_count=0

Compilation events (20 events):
Event: 2.347 Thread 0x000001e8e6c73720 2060       3       java.util.concurrent.ConcurrentHashMap$EntryIterator::next (5 bytes)
Event: 2.347 Thread 0x000001e8e6c73720 nmethod 2060 0x000001e8cc521890 code [0x000001e8cc521a40, 0x000001e8cc521b68]
Event: 2.347 Thread 0x000001e8e6c73720 2061       3       java.util.concurrent.ConcurrentHashMap$EntryIterator::next (51 bytes)
Event: 2.348 Thread 0x000001e8e6c73720 nmethod 2061 0x000001e8cc521c10 code [0x000001e8cc521e00, 0x000001e8cc522338]
Event: 2.348 Thread 0x000001e8e6c73720 2062       3       java.util.concurrent.ConcurrentHashMap$MapEntry::<init> (20 bytes)
Event: 2.348 Thread 0x000001e8e6c73720 nmethod 2062 0x000001e8cc522510 code [0x000001e8cc5226c0, 0x000001e8cc522958]
Event: 2.348 Thread 0x000001e8e6c73720 2063       3       java.net.URI$Parser::at (23 bytes)
Event: 2.348 Thread 0x000001e8e6c73720 nmethod 2063 0x000001e8cc522a10 code [0x000001e8cc522c20, 0x000001e8cc5232b8]
Event: 2.354 Thread 0x000001e8e636e6d0 nmethod 2059 0x000001e8d373e910 code [0x000001e8d373eac0, 0x000001e8d373f748]
Event: 2.379 Thread 0x000001e8e636e6d0 2065       4       java.util.concurrent.ConcurrentHashMap$ValueIterator::next (34 bytes)
Event: 2.388 Thread 0x000001e8e636e6d0 nmethod 2065 0x000001e8d373ff90 code [0x000001e8d3740120, 0x000001e8d37405b8]
Event: 2.388 Thread 0x000001e8e636e6d0 2066  s    4       jdk.internal.jimage.BasicImageReader::findLocation (115 bytes)
Event: 2.402 Thread 0x000001e8e6c73720 2068       3       java.lang.String::codePointAt (50 bytes)
Event: 2.402 Thread 0x000001e8e6c73720 nmethod 2068 0x000001e8cc523590 code [0x000001e8cc523760, 0x000001e8cc523ae8]
Event: 2.403 Thread 0x000001e8e6c73720 2069       3       java.util.regex.Pattern$$Lambda$6/0x0000000800b64058::is (5 bytes)
Event: 2.403 Thread 0x000001e8e6c73720 nmethod 2069 0x000001e8cc523c90 code [0x000001e8cc523e40, 0x000001e8cc5240b8]
Event: 2.403 Thread 0x000001e8e6c73720 2070       3       java.util.regex.Pattern::lambda$DOT$5 (34 bytes)
Event: 2.403 Thread 0x000001e8e6c73720 nmethod 2070 0x000001e8cc524190 code [0x000001e8cc524320, 0x000001e8cc524518]
Event: 2.429 Thread 0x000001e8e6c73720 2071       3       java.lang.Character::codePointBefore (48 bytes)
Event: 2.430 Thread 0x000001e8e6c73720 nmethod 2071 0x000001e8cc524590 code [0x000001e8cc524760, 0x000001e8cc524d18]

GC Heap History (6 events):
Event: 0.665 GC heap before
{Heap before GC invocations=0 (full 0):
 garbage-first heap   total 253952K, used 12288K [0x0000000709800000, 0x0000000800000000)
  region size 2048K, 6 young (12288K), 0 survivors (0K)
 Metaspace       used 3426K, capacity 6515K, committed 6656K, reserved 1056768K
  class space    used 345K, capacity 661K, committed 768K, reserved 1048576K
}
Event: 0.670 GC heap after
{Heap after GC invocations=1 (full 0):
 garbage-first heap   total 253952K, used 3083K [0x0000000709800000, 0x0000000800000000)
  region size 2048K, 1 young (2048K), 1 survivors (2048K)
 Metaspace       used 3426K, capacity 6515K, committed 6656K, reserved 1056768K
  class space    used 345K, capacity 661K, committed 768K, reserved 1048576K
}
Event: 0.954 GC heap before
{Heap before GC invocations=1 (full 0):
 garbage-first heap   total 253952K, used 13323K [0x0000000709800000, 0x0000000800000000)
  region size 2048K, 6 young (12288K), 1 survivors (2048K)
 Metaspace       used 5106K, capacity 7670K, committed 7808K, reserved 1056768K
  class space    used 587K, capacity 854K, committed 896K, reserved 1048576K
}
Event: 0.957 GC heap after
{Heap after GC invocations=2 (full 0):
 garbage-first heap   total 253952K, used 3705K [0x0000000709800000, 0x0000000800000000)
  region size 2048K, 1 young (2048K), 1 survivors (2048K)
 Metaspace       used 5106K, capacity 7670K, committed 7808K, reserved 1056768K
  class space    used 587K, capacity 854K, committed 896K, reserved 1048576K
}
Event: 1.615 GC heap before
{Heap before GC invocations=2 (full 0):
 garbage-first heap   total 253952K, used 28281K [0x0000000709800000, 0x0000000800000000)
  region size 2048K, 13 young (26624K), 1 survivors (2048K)
 Metaspace       used 8477K, capacity 10722K, committed 10752K, reserved 1058816K
  class space    used 993K, capacity 1250K, committed 1280K, reserved 1048576K
}
Event: 1.618 GC heap after
{Heap after GC invocations=3 (full 0):
 garbage-first heap   total 253952K, used 4720K [0x0000000709800000, 0x0000000800000000)
  region size 2048K, 1 young (2048K), 1 survivors (2048K)
 Metaspace       used 8477K, capacity 10722K, committed 10752K, reserved 1058816K
  class space    used 993K, capacity 1250K, committed 1280K, reserved 1048576K
}

Deoptimization events (20 events):
Event: 2.295 Thread 0x000001e8c39857f0 Uncommon trap: trap_request=0xffffff45 fr.pc=0x000001e8d36e45ec relative=0x000000000000220c
Event: 2.295 Thread 0x000001e8c39857f0 Uncommon trap: reason=unstable_if action=reinterpret pc=0x000001e8d36e45ec method=sun.nio.cs.StreamDecoder.implRead([CII)I @ 36 c2
Event: 2.295 Thread 0x000001e8c39857f0 DEOPT PACKING pc=0x000001e8d36e45ec sp=0x0000007fb17fdec0
Event: 2.295 Thread 0x000001e8c39857f0 DEOPT UNPACKING pc=0x000001e8cbc0e42f sp=0x0000007fb17fde40 mode 2
Event: 2.295 Thread 0x000001e8c39857f0 Uncommon trap: trap_request=0xffffff45 fr.pc=0x000001e8d36dd624 relative=0x0000000000000824
Event: 2.295 Thread 0x000001e8c39857f0 Uncommon trap: reason=unstable_if action=reinterpret pc=0x000001e8d36dd624 method=sun.nio.cs.StreamDecoder.implRead([CII)I @ 36 c2
Event: 2.295 Thread 0x000001e8c39857f0 DEOPT PACKING pc=0x000001e8d36dd624 sp=0x0000007fb17fdf60
Event: 2.295 Thread 0x000001e8c39857f0 DEOPT UNPACKING pc=0x000001e8cbc0e42f sp=0x0000007fb17fdf40 mode 2
Event: 2.317 Thread 0x000001e8c39857f0 Uncommon trap: trap_request=0xffffff45 fr.pc=0x000001e8d36e0828 relative=0x00000000000009c8
Event: 2.317 Thread 0x000001e8c39857f0 Uncommon trap: reason=unstable_if action=reinterpret pc=0x000001e8d36e0828 method=org.codehaus.plexus.util.xml.pull.MXParser.nextImpl()I @ 1046 c2
Event: 2.317 Thread 0x000001e8c39857f0 DEOPT PACKING pc=0x000001e8d36e0828 sp=0x0000007fb17fe1d0
Event: 2.317 Thread 0x000001e8c39857f0 DEOPT UNPACKING pc=0x000001e8cbc0e42f sp=0x0000007fb17fe148 mode 2
Event: 2.400 Thread 0x000001e8c39857f0 Uncommon trap: trap_request=0xffffff45 fr.pc=0x000001e8d373f57c relative=0x0000000000000abc
Event: 2.400 Thread 0x000001e8c39857f0 Uncommon trap: reason=unstable_if action=reinterpret pc=0x000001e8d373f57c method=sun.net.util.IPAddressUtil.scan(Ljava/lang/String;JJ[C)I @ 14 c2
Event: 2.400 Thread 0x000001e8c39857f0 DEOPT PACKING pc=0x000001e8d373f57c sp=0x0000007fb17fdca0
Event: 2.400 Thread 0x000001e8c39857f0 DEOPT UNPACKING pc=0x000001e8cbc0e42f sp=0x0000007fb17fdb20 mode 2
Event: 2.403 Thread 0x000001e8c39857f0 Uncommon trap: trap_request=0xffffff45 fr.pc=0x000001e8d373e140 relative=0x0000000000000040
Event: 2.403 Thread 0x000001e8c39857f0 Uncommon trap: reason=unstable_if action=reinterpret pc=0x000001e8d373e140 method=sun.net.util.IPAddressUtil.scan(Ljava/lang/String;JJ[C)I @ 14 c2
Event: 2.403 Thread 0x000001e8c39857f0 DEOPT PACKING pc=0x000001e8d373e140 sp=0x0000007fb17fdc20
Event: 2.403 Thread 0x000001e8c39857f0 DEOPT UNPACKING pc=0x000001e8cbc0e42f sp=0x0000007fb17fdb08 mode 2

Classes unloaded (0 events):
No events

Classes redefined (0 events):
No events

Internal exceptions (17 events):
Event: 0.250 Thread 0x000001e8c39857f0 Exception <a 'java/lang/NullPointerException'{0x0000000718dc2f38}> (0x0000000718dc2f38) 
thrown [./open/src/hotspot/share/interpreter/linkResolver.cpp, line 1374]
Event: 0.273 Thread 0x000001e8c39857f0 Exception <a 'java/lang/NullPointerException'{0x0000000718a01558}> (0x0000000718a01558) 
thrown [./open/src/hotspot/share/interpreter/linkResolver.cpp, line 1374]
Event: 0.273 Thread 0x000001e8c39857f0 Exception <a 'java/lang/NullPointerException'{0x0000000718a01830}> (0x0000000718a01830) 
thrown [./open/src/hotspot/share/interpreter/linkResolver.cpp, line 1374]
Event: 0.273 Thread 0x000001e8c39857f0 Exception <a 'java/lang/NullPointerException'{0x0000000718a01b08}> (0x0000000718a01b08) 
thrown [./open/src/hotspot/share/interpreter/linkResolver.cpp, line 1374]
Event: 0.276 Thread 0x000001e8c39857f0 Exception <a 'java/lang/NullPointerException'{0x0000000718a08328}> (0x0000000718a08328) 
thrown [./open/src/hotspot/share/interpreter/linkResolver.cpp, line 1374]
Event: 0.279 Thread 0x000001e8c39857f0 Exception <a 'java/lang/NullPointerException'{0x0000000718a1fd38}> (0x0000000718a1fd38) 
thrown [./open/src/hotspot/share/interpreter/linkResolver.cpp, line 1374]
Event: 0.279 Thread 0x000001e8c39857f0 Exception <a 'java/lang/NullPointerException'{0x0000000718a20010}> (0x0000000718a20010) 
thrown [./open/src/hotspot/share/interpreter/linkResolver.cpp, line 1374]
Event: 0.279 Thread 0x000001e8c39857f0 Exception <a 'java/lang/NullPointerException'{0x0000000718a202e8}> (0x0000000718a202e8) 
thrown [./open/src/hotspot/share/interpreter/linkResolver.cpp, line 1374]
Event: 0.279 Thread 0x000001e8c39857f0 Exception <a 'java/lang/NullPointerException'{0x0000000718a205c0}> (0x0000000718a205c0) 
thrown [./open/src/hotspot/share/interpreter/linkResolver.cpp, line 1374]
Event: 0.578 Thread 0x000001e8c39857f0 Exception <a 'java/lang/NoSuchMethodError'{0x00000007187fcbb8}: 'void java.lang.invoke.DirectMethodHandle$Holder.invokeSpecial(java.lang.Object, java.lang.Object, java.lang.Object)'> (0x00000007187fcbb8) 
thrown [./open/src/hotspot/share/interpreter/linkResolver.cpp, line 782]
Event: 0.799 Thread 0x000001e8c39857f0 Exception <a 'java/lang/NoSuchMethodError'{0x0000000718d5ba18}: 'java.lang.Object java.lang.invoke.DirectMethodHandle$Holder.newInvokeSpecial(java.lang.Object, java.lang.Object, java.lang.Object, java.lang.Object, java.lang.Object)'> (0x0000000718d5ba18) 
thrown [./open/src/hotspot/share/interpreter/linkResolver.cpp, line 782]
Event: 0.851 Thread 0x000001e8c39857f0 Exception <a 'java/lang/NoClassDefFoundError'{0x0000000718adf4b0}: javax/enterprise/inject/Typed> (0x0000000718adf4b0) 
thrown [./open/src/hotspot/share/classfile/systemDictionary.cpp, line 284]
Event: 2.076 Thread 0x000001e8c39857f0 Exception <a 'java/lang/NoClassDefFoundError'{0x00000007187bba70}: com/google/inject/servlet/ServletModuleTargetVisitor> (0x00000007187bba70) 
thrown [./open/src/hotspot/share/classfile/systemDictionary.cpp, line 284]
Event: 2.180 Thread 0x000001e8c39857f0 Exception <a 'java/lang/NoSuchMethodError'{0x00000007184e1c88}: 'void java.lang.invoke.DirectMethodHandle$Holder.invokeStatic(java.lang.Object, java.lang.Object)'> (0x00000007184e1c88) 
thrown [./open/src/hotspot/share/interpreter/linkResolver.cpp, line 782]
Event: 2.181 Thread 0x000001e8c39857f0 Exception <a 'java/lang/NoSuchMethodError'{0x00000007184e63d8}: 'void java.lang.invoke.DirectMethodHandle$Holder.invokeStaticInit(java.lang.Object, java.lang.Object)'> (0x00000007184e63d8) 
thrown [./open/src/hotspot/share/interpreter/linkResolver.cpp, line 782]
Event: 2.187 Thread 0x000001e8c39857f0 Exception <a 'java/lang/NoSuchMethodError'{0x00000007185abb18}: 'java.lang.Object java.lang.invoke.DirectMethodHandle$Holder.invokeStatic(java.lang.Object)'> (0x00000007185abb18) 
thrown [./open/src/hotspot/share/interpreter/linkResolver.cpp, line 782]
Event: 2.191 Thread 0x000001e8c39857f0 Exception <a 'java/lang/NoSuchMethodError'{0x00000007185b6910}: 'java.lang.Object java.lang.invoke.DirectMethodHandle$Holder.invokeStaticInit(java.lang.Object, int, int, int, int)'> (0x00000007185b6910) 
thrown [./open/src/hotspot/share/interpreter/linkResolver.cpp, line 782]

Events (20 events):
Event: 2.309 loading class java/lang/ProcessEnvironment$CheckedKeySet
Event: 2.309 loading class java/lang/ProcessEnvironment$CheckedKeySet done
Event: 2.311 loading class java/util/Stack
Event: 2.312 loading class java/util/Stack done
Event: 2.389 loading class java/util/ArrayList$SubList$1
Event: 2.389 loading class java/util/ArrayList$SubList$1 done
Event: 2.398 loading class java/net/URL$2
Event: 2.398 loading class java/net/URL$2 done
Event: 2.398 loading class java/net/URL$1
Event: 2.398 loading class java/net/URL$1 done
Event: 2.398 loading class java/net/spi/URLStreamHandlerProvider
Event: 2.398 loading class java/net/spi/URLStreamHandlerProvider done
Event: 2.398 loading class sun/net/www/protocol/https/Handler
Event: 2.399 loading class sun/net/www/protocol/http/Handler
Event: 2.399 loading class sun/net/www/protocol/http/Handler done
Event: 2.399 Executing VM operation: HandshakeAllThreads
Event: 2.399 Executing VM operation: HandshakeAllThreads done
Event: 2.399 loading class sun/net/www/protocol/https/Handler done
Event: 2.402 loading class java/util/regex/Pattern$Pos
Event: 2.402 loading class java/util/regex/Pattern$Pos done


Dynamic libraries:
0x00007ff7fb540000 - 0x00007ff7fb54f000 	C:\Program Files\Java\jdk-15\bin\java.exe
0x00007ffd66b90000 - 0x00007ffd66d88000 	C:\WINDOWS\SYSTEM32\ntdll.dll
0x00007ffd64e60000 - 0x00007ffd64f1f000 	C:\WINDOWS\System32\KERNEL32.DLL
0x00007ffd64740000 - 0x00007ffd64a12000 	C:\WINDOWS\System32\KERNELBASE.dll
0x00007ffd64640000 - 0x00007ffd64740000 	C:\WINDOWS\System32\ucrtbase.dll
0x00007ffd5b0d0000 - 0x00007ffd5b0e8000 	C:\Program Files\Java\jdk-15\bin\jli.dll
0x00007ffd586f0000 - 0x00007ffd58709000 	C:\Program Files\Java\jdk-15\bin\VCRUNTIME140.dll
0x00007ffd65e30000 - 0x00007ffd65ede000 	C:\WINDOWS\System32\ADVAPI32.dll
0x00007ffd65690000 - 0x00007ffd6572e000 	C:\WINDOWS\System32\msvcrt.dll
0x00007ffd64dc0000 - 0x00007ffd64e5c000 	C:\WINDOWS\System32\sechost.dll
0x00007ffd66a20000 - 0x00007ffd66b45000 	C:\WINDOWS\System32\RPCRT4.dll
0x00007ffd65a70000 - 0x00007ffd65c11000 	C:\WINDOWS\System32\USER32.dll
0x00007ffd64480000 - 0x00007ffd644a2000 	C:\WINDOWS\System32\win32u.dll
0x00007ffd4c850000 - 0x00007ffd4caea000 	C:\WINDOWS\WinSxS\amd64_microsoft.windows.common-controls_6595b64144ccf1df_6.0.19041.1110_none_60b5254171f9507e\COMCTL32.dll
0x00007ffd65860000 - 0x00007ffd6588b000 	C:\WINDOWS\System32\GDI32.dll
0x00007ffd64280000 - 0x00007ffd6438f000 	C:\WINDOWS\System32\gdi32full.dll
0x00007ffd64390000 - 0x00007ffd6442d000 	C:\WINDOWS\System32\msvcp_win.dll
0x00007ffd628d0000 - 0x00007ffd628da000 	C:\WINDOWS\SYSTEM32\VERSION.dll
0x00007ffd64d80000 - 0x00007ffd64db2000 	C:\WINDOWS\System32\IMM32.DLL
0x00007ffd5e260000 - 0x00007ffd5e26c000 	C:\Program Files\Java\jdk-15\bin\vcruntime140_1.dll
0x00007ffd2d250000 - 0x00007ffd2d2e1000 	C:\Program Files\Java\jdk-15\bin\msvcp140.dll
0x00007ffd024f0000 - 0x00007ffd0304c000 	C:\Program Files\Java\jdk-15\bin\server\jvm.dll
0x00007ffd65840000 - 0x00007ffd65848000 	C:\WINDOWS\System32\PSAPI.DLL
0x00007ffd4cbe0000 - 0x00007ffd4cc07000 	C:\WINDOWS\SYSTEM32\WINMM.dll
0x00007ffd4b920000 - 0x00007ffd4b929000 	C:\WINDOWS\SYSTEM32\WSOCK32.dll
0x00007ffd658f0000 - 0x00007ffd6595b000 	C:\WINDOWS\System32\WS2_32.dll
0x00007ffd62ae0000 - 0x00007ffd62af2000 	C:\WINDOWS\SYSTEM32\kernel.appcore.dll
0x00007ffd586e0000 - 0x00007ffd586ea000 	C:\Program Files\Java\jdk-15\bin\jimage.dll
0x00007ffd61280000 - 0x00007ffd61464000 	C:\WINDOWS\SYSTEM32\DBGHELP.DLL
0x00007ffd59ac0000 - 0x00007ffd59af5000 	C:\WINDOWS\SYSTEM32\dbgcore.DLL
0x00007ffd64a20000 - 0x00007ffd64aa2000 	C:\WINDOWS\System32\bcryptPrimitives.dll
0x00007ffd56ab0000 - 0x00007ffd56ad5000 	C:\Program Files\Java\jdk-15\bin\java.dll
0x00007ffd64f40000 - 0x00007ffd65684000 	C:\WINDOWS\System32\SHELL32.dll
0x00007ffd62130000 - 0x00007ffd628c2000 	C:\WINDOWS\SYSTEM32\windows.storage.dll
0x00007ffd65ee0000 - 0x00007ffd66235000 	C:\WINDOWS\System32\combase.dll
0x00007ffd63b20000 - 0x00007ffd63b50000 	C:\WINDOWS\SYSTEM32\Wldp.dll
0x00007ffd65790000 - 0x00007ffd6583d000 	C:\WINDOWS\System32\SHCORE.dll
0x00007ffd65a10000 - 0x00007ffd65a65000 	C:\WINDOWS\System32\shlwapi.dll
0x00007ffd641c0000 - 0x00007ffd641df000 	C:\WINDOWS\SYSTEM32\profapi.dll
0x00007ffd55be0000 - 0x00007ffd55bf9000 	C:\Program Files\Java\jdk-15\bin\net.dll
0x00007ffd62020000 - 0x00007ffd6212c000 	C:\WINDOWS\SYSTEM32\WINHTTP.dll
0x00007ffd63900000 - 0x00007ffd6396a000 	C:\WINDOWS\system32\mswsock.dll
0x00007ffd43910000 - 0x00007ffd43922000 	C:\Program Files\Java\jdk-15\bin\nio.dll
0x00007ffd396b0000 - 0x00007ffd396c8000 	C:\Program Files\Java\jdk-15\bin\zip.dll
0x0000000069ac0000 - 0x0000000069ae4000 	C:\Users\User\.m2\wrapper\dists\apache-maven-3.8.4-bin\52ccbt68d252mdldqsfsn03jlf\apache-maven-3.8.4\lib\jansi-native\Windows\x86_64\jansi.dll
0x00007ffd5e6a0000 - 0x00007ffd5e6b0000 	C:\Program Files\Java\jdk-15\bin\verify.dll

dbghelp: loaded successfully - version: 4.0.5 - missing functions: none
symbol engine: initialized successfully - sym options: 0x614 - pdb path: .;C:\Program Files\Java\jdk-15\bin;C:\WINDOWS\SYSTEM32;C:\WINDOWS\WinSxS\amd64_microsoft.windows.common-controls_6595b64144ccf1df_6.0.19041.1110_none_60b5254171f9507e;C:\Program Files\Java\jdk-15\bin\server;C:\Users\User\.m2\wrapper\dists\apache-maven-3.8.4-bin\52ccbt68d252mdldqsfsn03jlf\apache-maven-3.8.4\lib\jansi-native\Windows\x86_64

VM Arguments:
jvm_args: -Dclassworlds.conf=C:\Users\User\.m2\wrapper\dists\apache-maven-3.8.4-bin\52ccbt68d252mdldqsfsn03jlf\apache-maven-3.8.4\bin\m2.conf -Dmaven.home=C:\Users\User\.m2\wrapper\dists\apache-maven-3.8.4-bin\52ccbt68d252mdldqsfsn03jlf\apache-maven-3.8.4 -Dlibrary.jansi.path=C:\Users\User\.m2\wrapper\dists\apache-maven-3.8.4-bin\52ccbt68d252mdldqsfsn03jlf\apache-maven-3.8.4\lib\jansi-native -Dmaven.multiModuleProjectDirectory=D:\AN 4\Sem1\DS\Deploy\spring-demo 
java_command: org.codehaus.plexus.classworlds.launcher.Launcher package
java_class_path (initial): C:\Users\User\.m2\wrapper\dists\apache-maven-3.8.4-bin\52ccbt68d252mdldqsfsn03jlf\apache-maven-3.8.4\boot\plexus-classworlds-2.6.0.jar
Launcher Type: SUN_STANDARD

[Global flags]
     intx CICompilerCount                          = 3                                         {product} {ergonomic}
     uint ConcGCThreads                            = 1                                         {product} {ergonomic}
     uint G1ConcRefinementThreads                  = 4                                         {product} {ergonomic}
   size_t G1HeapRegionSize                         = 2097152                                   {product} {ergonomic}
    uintx GCDrainStackTargetSize                   = 64                                        {product} {ergonomic}
   size_t InitialHeapSize                          = 260046848                                 {product} {ergonomic}
   size_t MarkStackSize                            = 4194304                                   {product} {ergonomic}
   size_t MaxHeapSize                              = 4135583744                                {product} {ergonomic}
   size_t MaxNewSize                               = 2480930816                                {product} {ergonomic}
   size_t MinHeapDeltaBytes                        = 2097152                                   {product} {ergonomic}
   size_t MinHeapSize                              = 8388608                                   {product} {ergonomic}
    uintx NonNMethodCodeHeapSize                   = 5832780                                {pd product} {ergonomic}
    uintx NonProfiledCodeHeapSize                  = 122912730                              {pd product} {ergonomic}
    uintx ProfiledCodeHeapSize                     = 122912730                              {pd product} {ergonomic}
    uintx ReservedCodeCacheSize                    = 251658240                              {pd product} {ergonomic}
     bool SegmentedCodeCache                       = true                                      {product} {ergonomic}
   size_t SoftMaxHeapSize                          = 4135583744                             {manageable} {ergonomic}
     bool UseCompressedClassPointers               = true                                 {lp64_product} {ergonomic}
     bool UseCompressedOops                        = true                                 {lp64_product} {ergonomic}
     bool UseG1GC                                  = true                                      {product} {ergonomic}
     bool UseLargePagesIndividualAllocation        = false                                  {pd product} {ergonomic}

Logging:
Log output configuration:
 #0: stdout all=warning uptime,level,tags
 #1: stderr all=off uptime,level,tags

Environment Variables:
PATH=C:\Python310\Scripts\;C:\Python310\;D:\programs\VMware\bin\;C:\Program Files\National Instruments\Shared\OpenVINO\;C:\Program Files\Common Files\Oracle\Java\javapath;C:\WINDOWS\system32;C:\WINDOWS;C:\WINDOWS\System32\Wbem;C:\WINDOWS\System32\WindowsPowerShell\v1.0\;C:\WINDOWS\System32\OpenSSH\;C:\Aldec\Active-HDL-Student-Edition\bin;C:\PROGRA~2\Aldec\ACTIVE~1.3\BIN;C:\Program Files\Git\cmd;C:\Program Files (x86)\IVI Foundation\VISA\WinNT\Bin\;C:\Program Files\IVI Foundation\VISA\Win64\Bin\;C:\Program Files (x86)\IVI Foundation\VISA\WinNT\Bin;C:\ProgramData\chocolatey\bin;C:\Program Files\Java\jdk-15\bin;D:\programs\nodejs\;C:\Users\User\.m2\wrapper\dists\apache-maven-3.8.4-bin\52ccbt68d252mdldqsfsn03jlf\apache-maven-3.8.4\bin;C:\Program Files\Microsoft SQL Server\Client SDK\ODBC\170\Tools\Binn\;C:\Program Files (x86)\Microsoft SQL Server\150\Tools\Binn\;C:\Program Files\Microsoft SQL Server\150\Tools\Binn\;C:\Program Files\Microsoft SQL Server\150\DTS\Binn\;C:\Program Files\Docker\Docker\resources\bin;D:\programs\protoc-3.20.3-win64\bin;C:\Users\User\AppData\Local\Programs\Python\Python39\Scripts\;C:\Users\User\AppData\Local\Programs\Python\Python39\;D:\programs\0.19.1\bin;C:\Users\User\AppData\Local\Microsoft\WindowsApps;D:\programs\PyCharm Community Edition 2021.2.2\bin;;D:\programs\Microsoft VS Code\bin;C:\Users\User\AppData\Roaming\cabal\bin;C:\ProgramData\chocolatey\lib\ghc\tools\ghc-8.10.1\bin;C:\Users\User\AppData\Roaming\npm
USERNAME=User
OS=Windows_NT
PROCESSOR_IDENTIFIER=Intel64 Family 6 Model 78 Stepping 3, GenuineIntel



---------------  S Y S T E M  ---------------

OS:
 Windows 10 , 64 bit Build 19041 (10.0.19041.2364)
OS uptime: 20 days 12:40 hours
HyperV virtualization detected

CPU: total 4 (initial active 4) (2 cores per cpu, 2 threads per core) family 6 model 78 stepping 3, cmov, cx8, fxsr, mmx, sse, sse2, sse3, ssse3, sse4.1, sse4.2, popcnt, vzeroupper, avx, avx2, aes, clmul, erms, rtm, 3dnowpref, lzcnt, ht, tsc, tscinvbit, bmi1, bmi2, adx, fma, clflush, clflushopt

Memory: 4k page, system-wide physical 15768M (5544M free)
TotalPageFile size 27022M (AvailPageFile size 5M)
current process WorkingSet (physical memory assigned to process): 105M, peak: 106M
current process commit charge ("private bytes"): 367M, peak: 369M

vm_info: Java HotSpot(TM) 64-Bit Server VM (15+36-1562) for windows-amd64 JRE (15+36-1562), built on Aug 11 2020 22:38:02 by "mach5one" with unknown MS VC++:1925

END.
